DEBUG:root:url: https://www.google.com/finance/company_news?q=NASDAQ:aapl&start=10&num=10
DEBUG:root:link url: http://www.google.com/webhp?hl=en&tab=ew
DEBUG:root:link url: http://www.google.com/imghp?hl=en&tab=ei
DEBUG:root:link url: http://video.google.com/?hl=en&tab=ev
DEBUG:root:link url: http://maps.google.com/maps?hl=en&tab=el
DEBUG:root:link url: http://news.google.com/nwshp?hl=en&tab=en
DEBUG:root:link url: http://www.google.com/shopping?hl=en&tab=ef
DEBUG:root:link url: http://www.google.com/intl/en/options/
DEBUG:root:link url: http://www.google.com/support/finance?hl=en
DEBUG:root:link url: http://www.businessweek.com/news/2012-07-30/apple-got-special-treatment-for-grand-central-lease-audit-says
DEBUG:root:link url: http://www.valuewalk.com/2012/07/mta-accused-of-favoring-apple-inc-aapl-in-grand-central-terminal/
DEBUG:root:link url: http://articles.marketwatch.com/2012-07-30/industries/32936308_1_apple-mta-lease
DEBUG:root:link url: http://news.google.com/news/more?ncl=dsMcx1U8K6t0kxM&hl=en&ned=us
DEBUG:root:link url: http://investing.businessweek.com/research/stocks/news/article.asp?docKey=600-201207301301BIZWIRE_USPRX____BW6102-1&params=timestamp%7C%7C07/30/2012%201:01%20PM%20ET%7C%7Cheadline%7C%7CRigrodsky%20%26%20Long%2C%20P.A.%20Announces%20Investigation%20Of%20AuthenTec%2C%20Inc.%20Buyout%7C%7CdocSource%7C%7CBusiness%20Wire%7C%7Cprovider%7C%7CACQUIREMEDIA%7C%7Cbridgesymbol%7C%7CUS;AAPL&ticker=AAPL:US
DEBUG:root:link url: http://www.thestreet.com/story/11644464/1/rigrodsky-amp-long-pa-announces-investigation-of-authentec-inc-buyout.html
DEBUG:root:link url: http://news.google.com/news/more?ncl=dS6DNcZRRd8llSM&hl=en&ned=us
DEBUG:root:link url: http://www.pt-news.org/apple-inc-nasdaqaapl-ends-five-day-losing-streak-aapl-rimm-hpq-goog-auth/127971/
DEBUG:root:link url: http://www.newstodaydigest.com/apple-inc-aapl-deal-lands-nasdaq-in-bullish-zone-for-week-aapl-auth-ovrl-expe-sbux-amzn-apkt-dell-apkt-fb/121378/
DEBUG:root:link url: http://uselectionnews.org/expansion-move-apple-nasdaqaapl-purchases-security-firm-for-350m-aapl-symc-jnpr-alu-ocz/
DEBUG:root:link url: http://news.google.com/news/more?ncl=dnKt-7GaSYmrmvM&hl=en&ned=us
DEBUG:root:link url: http://articles.marketwatch.com/2012-07-30/markets/32932699_1_agee-analyst-shaw-wu-cisco-systems-apple
DEBUG:root:link url: http://news.google.com/news/more?ncl=dfFSM9eYOgrqUFM&hl=en&ned=us
DEBUG:root:link url: http://www.businessweek.com/news/2012-07-30/wal-mart-beats-apple-ikea-in-u-dot-s-dot-solar-installations
DEBUG:root:link url: http://news.google.com/news/more?ncl=daVEYNVnUubqRCM&hl=en&ned=us
DEBUG:root:link url: http://online.wsj.com/article/BT-CO-20120730-705786.html
DEBUG:root:link url: http://seekingalpha.com/article/761061-is-seagate-actually-a-better-investment-than-apple
DEBUG:root:link url: http://www.pt-news.org/market-maker-stocks-tech-sectors-roe-analysis-stx-bidu-aapl-dell-amx-msft/127929/
DEBUG:root:link url: http://news.google.com/news/more?ncl=dT76GqEtbjDUOeM&hl=en&ned=us
DEBUG:root:link url: http://www.businessweek.com/news/2012-07-30/apple-jury-will-be-first-in-u-dot-s-dot-to-weigh-samsung-fight
DEBUG:root:link url: http://themarketsareopen.blogspot.com/2012/07/apple-incnasdaqaapl-vs-samsung.html
DEBUG:root:link url: http://in.reuters.com/article/2012/07/30/apple-samsung-patent-trial-idINDEE86T04A20120730
DEBUG:root:link url: http://news.google.com/news/more?ncl=d3G7-d0P4BSdkxM&hl=en&ned=us
DEBUG:root:link url: http://www.valuewalk.com/2012/07/apple-inc-aapl-and-twitter-deal-could-pose-rival-to-facebook-inc-fb-and-google/
DEBUG:root:link url: http://themarketsareopen.blogspot.com/2012/07/apple-incnasdaq-aapl-aiming-to-take.html
DEBUG:root:link url: http://www.newstodaydigest.com/apple-inc-nasdaqaapl-sense-the-need-to-get-social-media-exposure/121434/
DEBUG:root:link url: http://news.google.com/news/more?ncl=d6MMyNIDG1XSPRM&hl=en&ned=us
DEBUG:root:link url: http://stocks.us.reuters.com/stocks/keyDevelopments.asp?rpc=66&symbol=AAPL.O&timestamp=20120727122800
DEBUG:root:link url: http://www.google.com.hk/finance
DEBUG:root:link url: http://www.google.ca/finance
DEBUG:root:link url: http://www.google.com/finance
DEBUG:root:link url: http://www.google.com.hk/finance?hl=zh-CN
DEBUG:root:link url: http://www.google.co.uk/finance
DEBUG:root:link url: http://www.google.com/intl/en/help/stock_disclaimer.html
DEBUG:root:link url: http://www.google.com?hl=en
DEBUG:root:link url: http://googlefinanceblog.blogspot.com
DEBUG:root:link url: http://support.google.com/finance?hl=en
DEBUG:root:link url: http://support.google.com/finance?ctx=report&hl=en&exch=NASDAQ&sym=AAPL
DEBUG:root:link url: http://www.google.com/intl/en/privacy.html
DEBUG:root:link url: http://www.google.com/accounts/TOS?hl=en&loc=us
DEBUG:root:type(url): <type 'str'> END type(url)
DEBUG:root:type(html): <type 'str'> END type(html)
DEBUG:root:type(soup): <class 'bs4.BeautifulSoup'> END type(soup)
DEBUG:root:doc_title: Apple and Cisco rise, but chips weigh on techs - MarketWatch END doc_title
DEBUG:root:keywords: news END keywords
DEBUG:root:title: no data END title
DEBUG:root:img_text: no data END img_text
DEBUG:root:intro: <a class="slugline" href="http://www.marketwatch.com/Search?m=Column&amp;mp=Tech Stocks&amp;pmrkt=true">Tech Stocks</a> END intro
DEBUG:root:doc_title: <function doc_title at 0x2081488> END doc_title
DEBUG:root:keywords: <function keywords at 0x2081500> END keywords
DEBUG:root:title: <function title at 0x2081578> END title
DEBUG:root:img_text: <function img_text at 0x20815f0> END img_text
DEBUG:root:intro: <function intro at 0x2081668> END intro
DEBUG:root:txt: html PUBLIC "-//W3C//DTD XHTML 1.0 Transitional//EN" "http://www.w3.org/TR/xhtml1/DTD/xhtml1-transitional.dtd"
        function pm_fixIEImg(img) {
            if (navigator.userAgent.indexOf('MSIE 8') == -1 && navigator.userAgent.indexOf('MSIE 7') == -1 && navigator.userAgent.indexOf('MSIE 6') == -1) return img;
            var parent = img.parentNode;
            img.onerror = function() { this.parentNode.removeChild(this); }
            img.src = 'broken';
            return parent;
        }

        function pm_imageFailed(div) {
            pm_fixIEImg(div);
            while (div.parentNode != null && div.className.indexOf('mod-articleimage') == -1) div = div.parentNode;
            if (div != null) { div.parentNode.removeChild(div); pm_removeTextMargin(); }
        }

        function pm_imageFailedGallery(div) {
            pm_fixIEImg(div);
            while (div.parentNode != null && div.nodeName != 'LI') div = div.parentNode;
            if (div != null) { div.parentNode.removeChild(div); pm_updateGallery(); }
        }

        function pm_updateGallery() {
            if (typeof updateGallery == 'function') updateGallery();
            else setTimeout('pm_updateGallery();', 100);
        }

        function pm_imageFailedFeatured(div) {
            var logo = '/images/foot-mw-logo-dj.png'
            if (logo != '') {
                div.parentNode.parentNode.className = 'photowrapper photowrapper-logo';
                div.className = 'featured-logo';
                div.src = logo;
                return;
            }
            div = pm_fixIEImg(div);
            while (div.parentNode != null && div.className.indexOf('mod-homepageimage') == -1) div = div.parentNode;
            if (div != null) div.parentNode.removeChild(div);
        }

        function pm_imageFailedRelatedLink(div) {
            div = pm_fixIEImg(div);
            while (div.parentNode != null && div.className.indexOf('image') == -1) div = div.parentNode;
            if (div != null) {
                var pN = div.parentNode;
                pN.removeChild(div);
                while (pN.parentNode != null && pN.className.indexOf('image-body') == -1) pN = pN.parentNode;
                if (pN != null) pN.className = 'text-body';
            }
        }

        function pm_imageFailedRelatedPhoto(div) {
            div = pm_fixIEImg(div);
            while (div.parentNode != null && div.className.indexOf('photos') == -1) div = div.parentNode;
            if (div != null) div.parentNode.removeChild(div);
        }

        function pm_removeTextMargin() {
            var by = document.getElementById('mod-article-byline');
            var tx = document.getElementById('mod-a-body-first-para');
            if (by != null) by.style.marginRight = '0px';
            if (tx != null) tx.style.marginRight = '0px';
        }
        Apple and Cisco rise, but chips weigh on techs - MarketWatch
                    setCookie("pmk_tn", "ap-MW_Template_TPL3", 3600);
                    var sessId = getCookie("sessid");
                    if (!sessId) {
                        sessId = guid();
                        setCookie("sessid", sessId, (30*60));
                    }
                    var uuId = getCookie("uuid");
                    if (!uuId) {
                        uuId = sessId;
                        setCookie("uuid", uuId, (60*60*24*30*12*24));
                    }
                    var traffic_provider = getParamFromPMCookie("s");
                    if(!traffic_provider) {
                        traffic_provider = derive_traffic_provider();
                        putParamIntoPMCookie("s", traffic_provider);
                    }
                    var traffic_type = getParamFromPMCookie("n");
                    if(!traffic_type) {
                        traffic_type = derive_traffic_type();
                        putParamIntoPMCookie("n", traffic_type);
                    }
                    referring_domain = get_referring_domain();

                    var tracSessParams = "sessid="+sessId+"&uuid="+uuId+"&s="+traffic_provider+"&n="+traffic_type+"&rd="+referring_domain;

                    var query = get_query();
                    if(query) {
                        tracSessParams = tracSessParams + "&q=" + query;
                    }
                    var referring_url = get_referring_url();
                    if(referring_url) {
                        tracSessParams = tracSessParams + "&ru=" + encode(referring_url);
                    }
                    var user_agent = navigator.userAgent;
                    if(user_agent) {
                        tracSessParams = tracSessParams + "&ua=" + encode(user_agent);
                    }
                if (typeof jQuery == "undefined") {var head = document.getElementsByTagName("head")[0]; script = document.createElement("script"); script.id = "jQuery"; script.type = "text/javascript";script.src = "http://ajax.googleapis.com/ajax/libs/jquery/1.4.2/jquery.min.js"; head.appendChild(script);}jQuery.noConflict();var switchTo5x=false;stLight.options({onhover:false, publisher:"b4d91b28-33ea-48d4-a388-dca4a729b7a1"});function downloadJSAtOnload(){var element, js;element=document.createElement("script");element.setAttribute("type", "text/javascript");element.setAttribute("src", "/sn.php?out=js&t=Apple+and+Cisco+rise%2C+but+chips+weigh+on+techs&u=http%3A%2F%2Fwww.marketwatch.com%2Fstory%2Fapple-cisco-rise-2-lifting-tech-stocks-2012-07-30&l=Facebook_Connect-Facebook_LikeCompact-Twitter_Compact-ShareThis_ShareThisIcon-ShareThis_EmailIcon-ShareThis_PrintIcon&i=mod-sm-badge-top-defer&p=MarketWatch&y=ap-MW_Template_TPL3&f=&c=false&z=true&v=88d6ea84cf602c5941e696028b70d178cee1cedd");document.body.appendChild(element);element=document.createElement("script");element.setAttribute("type", "text/javascript");element.setAttribute("src", "/featured-image-offset.js.php?id=mod-article-image-lt&z=88d6ea84cf602c5941e696028b70d178cee1cedd");document.body.appendChild(element);element=document.createElement("script");element.setAttribute("type", "text/javascript");element.setAttribute("src", "/featured-image-offset.js.php?id=mod-article-image-ct&z=88d6ea84cf602c5941e696028b70d178cee1cedd");document.body.appendChild(element);element=document.createElement("script");element.setAttribute("type", "text/javascript");element.setAttribute("src", "/featured-image-offset.js.php?id=mod-article-image-rt&z=88d6ea84cf602c5941e696028b70d178cee1cedd");document.body.appendChild(element);element=document.createElement("script");element.setAttribute("type", "text/javascript");element.setAttribute("src", "/mw-resize-flex.js");document.body.appendChild(element);element=document.createElement("script");element.setAttribute("type", "text/javascript");element.setAttribute("src", "/modal/modal.js.php?i=mod-article-image&g=false&c=32932699&j=10&p=MarketWatch&88d6ea84cf602c5941e696028b70d178cee1cedd");document.body.appendChild(element);element=document.createElement("script");element.setAttribute("type", "text/javascript");element.setAttribute("src", "/article-image-resize-compressed.js.php?i=mod-article-image");document.body.appendChild(element);}if (window.addEventListener){window.addEventListener("load", downloadJSAtOnload, false);}else if (window.attachEvent){window.attachEvent("onload", downloadJSAtOnload);}else window.onload = downloadJSAtOnload;window.google_analytics_uacct = "UA-26919099-1"; Layout starts 





WSJ

WSJ



MarketWatch

MarketWatch
Facebook
Twitter





Barron\'s

Barron\'s



SmartMoney

SmartMoney



AllThingsDigital

AllThingsDigital



FINS

FINS



More


BigCharts


Virtual Stock Exchange


Financial News


WSJ Asia


WSJ India


WSJ China chinese edition


WSJ Japan japanese edition




WSJ Europe


WSJ Americas


en Español


em Português




WSJ Radio


WSJ Wine








SEARCH













Home


News Viewer


Markets


Investing


Personal Finance


Industries


Economy/Politics


Trading Deck


Jobs




My MarketWatch


Games


Alerts


Portfolio









                jQuery('.menuitem').removeClass('selected');
            jQuery('div[data-canonical="/markets"]').addClass('selected');
        
 Home>Collections>AppleApple and Cisco rise, but chips weigh on techsdiv#area-left { top: 325px !important; } Tech Stocksdiv#area-left { top: 356px !important; } Cisco is best Dow performer; Apple touts Mountain Lion numbersJuly 30, 2012|Benjamin Pimentel, MarketWatch/* Javascript deferred */SAN FRANCISCO (MarketWatch) — Shares of Apple Inc. and Cisco Systems Inc. rose on Monday, but semiconductor stocks weighed down the tech sector.Apple (US:AAPL) shares rose 1.7% to close at $595.03 after the technology powerhouse said downloads of its new Mountain Lion operating system topped 3 million in four days, the most successful operating system launch in its history. Read more on Mountain Lion's popularity.The patent infringement legal battle between Apple and Samsung also goes before a U.S. federal court in San Jose on Monday. Apple has accused Samsung of violating patents related to technologies used in the iPhone and the iPad.Shares of Cisco (US:CSCO) gained 1.2% to close at $15.87, one of the top gainers on the Dow Jones Industrial Average (US:DJIA), which was down 3 points at 13,076.“I think both are seeing relief rallies today,” Sterne Agee analyst Shaw Wu said in emailed comments. “Both stocks were under pressure last week, Apple with earnings and Cisco with the VMware acquisition of Nicira ... At the end of the day, they are still two of the better companies in technology.”Cisco lost 4.1% last week after analysts speculated that VMware’s acquisition of Nicira could pose a threat to the networking giant. Apple fell 3.2% last week after the company missed Wall Street’s earnings estimates for its fiscal third quarter.The VMware acquisition, followed by Monday’s announcement from Oracle Corp. (US:ORCL) that it has agreed to buy Xsigo Systems, a network virtualization technology company, heightened the focus on the so-called “software-defined networking” and the impact on other software players like Citrix Systems.(US:CTXS) Shares of Citrix (US:CTXS) slumped 5.9% to close at $73.25, while VMware (US:VMW) slipped 3.5% to close at $92.37.Mizuho Securities analyst Gabriel Lowy said in a note, “We believe investors are overreacting to the hype and acquisition flurry around software defined networking, most recently with Oracle’s acquisition of Xsigo. The weakness in shares of both VMware and Citrix is an overreaction in our view, presenting a buying opportunity in both, particularly Citrix.”Meanwhile, the chip sector was in the red, with the Philadelphia Semiconductor Index (US:SOX) down 1%.Wedbush analyst Betsy Van Hees cited investor worries related to the third-quarter forecasts from the sector.“We think Q2 earnings for the most part have been in-line with some notable beats, but Q3 guidance has been well below seasonal,” she said in emailed comments.“I think investors may be taking some profits today given the big move in the last two weeks of the Philadelphia Index vs. the S&P as concerns over Europe and the strength of the broader market may be moving off the back burner and back to forefront of investors minds,” she added.Highlighting the decline was SanDisk Corp. (US:SNDK), shares of which lost 3%, closing at $41.17.

    microsoft_adunitid="88883";
    microsoft_adunit_width="571";
    microsoft_adunit_height="164";
    microsoft_adunit_channelids="";
    microsoft_adunit_keywordhints="shares|apple|patent infringement|san francisco|cisco systems|virtualization technology";
    microsoft_adunit_legacy="false";



            var mod_a_body_after_first_para_ad_cpctrackObject = {
              iframeMouseOver : false,
              params : 'pgtp=article&ci=32932699&kwInURL=true&pi=88&cat=business+%26+industrial&pe_id=32932699&tv=ap-MW_Template_TPL3&MW_nav_type=full&rna=-&rn=m&rnrci=&rnrcn=&rncci=&rnccn=&rnpci=&rnpcn=&rntci=&rntcn=&rnlci=&rnlcn=&rnp=c&rt=cpc&paidClick=1&placement_id=88883'
            }

            jQuery(window).bind('blur',function(){
             if(mod_a_body_after_first_para_ad_cpctrackObject.iframeMouseOver){
                if (mod_a_body_after_first_para_ad_cpctrackObject.params && mod_a_body_after_first_para_ad_cpctrackObject.params != '') {
                    setTimeout("make_url_request('/tracker.php?'+mod_a_body_after_first_para_ad_cpctrackObject.params);", 100);
                }
              }
            });

            jQuery('#mod-a-body-after-first-para-ad-cpc').bind('mouseover',function(){
                mod_a_body_after_first_para_ad_cpctrackObject.iframeMouseOver = true;
            });

            jQuery('#mod-a-body-after-first-para-ad-cpc').bind('mouseout',function(){
                mod_a_body_after_first_para_ad_cpctrackObject.iframeMouseOver = false;
            });
        
1 | 2 |  NextFeatured ArticlesApple’s iPhone 5 better be really good10 things Amazon won’t tell you10 reasons Wall Street will hit bottom, crashMore:More questions for FacebookChina flexes muscles with Cnooc, Nexen dealChina oil deal has Canada squirmingThree big take-aways from Facebook’s callObama spending binge never happenedThe 10 best states to retire in

    microsoft_adunitid="88881";
    microsoft_adunit_width="300";
    microsoft_adunit_height="250";
    microsoft_adunit_channelids="";
    microsoft_adunit_keywordhints="shares|apple|patent infringement|san francisco|cisco systems|virtualization technology";
    microsoft_adunit_legacy="false";



            var mod_left_skytrackObject = {
              iframeMouseOver : false,
              params : 'pgtp=article&ci=32932699&kwInURL=true&pi=88&cat=business+%26+industrial&pe_id=32932699&tv=ap-MW_Template_TPL3&MW_nav_type=full&rna=-&rn=m&rnrci=&rnrcn=&rncci=&rnccn=&rnpci=&rnpcn=&rntci=&rntcn=&rnlci=&rnlcn=&rnp=c&rt=cpc&paidClick=1&placement_id=88881'
            }

            jQuery(window).bind('blur',function(){
             if(mod_left_skytrackObject.iframeMouseOver){
                if (mod_left_skytrackObject.params && mod_left_skytrackObject.params != '') {
                    setTimeout("make_url_request('/tracker.php?'+mod_left_skytrackObject.params);", 100);
                }
              }
            });

            jQuery('#mod-left-sky').bind('mouseover',function(){
                mod_left_skytrackObject.iframeMouseOver = true;
            });

            jQuery('#mod-left-sky').bind('mouseout',function(){
                mod_left_skytrackObject.iframeMouseOver = false;
            });
        


    microsoft_adunitid="88882";
    microsoft_adunit_width="300";
    microsoft_adunit_height="250";
    microsoft_adunit_channelids="";
    microsoft_adunit_keywordhints="shares|apple|patent infringement|san francisco|cisco systems|virtualization technology";
    microsoft_adunit_legacy="false";



            var mod_right_skytrackObject = {
              iframeMouseOver : false,
              params : 'pgtp=article&ci=32932699&kwInURL=true&pi=88&cat=business+%26+industrial&pe_id=32932699&tv=ap-MW_Template_TPL3&MW_nav_type=full&rna=-&rn=m&rnrci=&rnrcn=&rncci=&rnccn=&rnpci=&rnpcn=&rntci=&rntcn=&rnlci=&rnlcn=&rnp=c&rt=cpc&paidClick=1&placement_id=88882'
            }

            jQuery(window).bind('blur',function(){
             if(mod_right_skytrackObject.iframeMouseOver){
                if (mod_right_skytrackObject.params && mod_right_skytrackObject.params != '') {
                    setTimeout("make_url_request('/tracker.php?'+mod_right_skytrackObject.params);", 100);
                }
              }
            });

            jQuery('#mod-right-sky').bind('mouseover',function(){
                mod_right_skytrackObject.iframeMouseOver = true;
            });

            jQuery('#mod-right-sky').bind('mouseout',function(){
                mod_right_skytrackObject.iframeMouseOver = false;
            });
        
Apple Mountain Lion OSPartner Center»From The ArchivesAnalyst sees Cisco as "underappreciated"July 13, 2012Dell unveils first dividend plan; shares jumpJune 12, 2012Apple repeated buy, $500 target, at Sterne AgeeSeptember 27, 2011Related KeywordsAppleCisco SystemsSandiskCitrix SystemsCopyright 2012 MarketWatch, Inc. All rights reserved.By using this site, you agree to the Terms of Service and Privacy Policy - UPDATED 10/18/2011.Index by Keyword|Index by DateIntraday Data provided by SIX Telekurs and subject toterms of use.Historical and current end-of-day data provided by SIX Telekurs.Intraday data delayed per exchange requirements. Dow Jones Indexes (SM) from Dow Jones & Company, Inc. All quotes are localexchange rate. Real time last sale data provided by NASDAQ. More information onNASDAQ traded symbolsand their current financialstatus. Intraday data delayed 15 minutes for Nasdaq, and 20 minutes for other exchanges. Dow Jones IndexesSM from Dow Jones &Company, Inc. SEHK intraday data is provided by SIX Telekurs and is at least 60-minutes delayed. All quotes are in local exchange time.
 SiteCatalyst code version: H.1.
Copyright 1997-2005 Omniture, Inc. More info available at
http://www.omniture.com 


s.channel='MarketWatch';
s.subchannel='Markets|U.S. &amp; Canada';
s.server='articles.marketwatch.com';
s.prop1='Article';
s.prop2='MW_Markets';
s.prop3='MW_Article_Markets|U.S. &amp; Canada';
s.prop4='MW_Article_Apple and Cisco rise, but chips weigh on techs';
s.prop8='MarketWatch.com';
s.pageName='MW_Article_Markets|U.S. &amp; Canada_2CD897E2-DA4F-11E1-8194-002128049AD6';
s.prop20='2CD897E2-DA4F-11E1-8194-002128049AD6';
s.prop21='Benjamin Pimentel';
s.prop22='MW_Article_Markets|U.S. &amp; Canada';
s.prop23='7/30/2012 05:12:37 PM';
s.prop26='MW_Article_Markets|U.S. &amp; Canada';
s.prop50='Computer Hardware|Computer Software|Software|Retail|Internet Hardware|Internet Software|Internet|Media|Household Products|Manufacturing|Market News|Markets/Exchanges|General|Commodities|Streaming Stories Promo|US';
s.events='event12,event18';
s.prop9='free';
s.eVar4='MW_Article_Markets|U.S. &amp; Canada_2CD897E2-DA4F-11E1-8194-002128049AD6';
s.eVar31='Monday';
s.eVar32='16:12';
s.prop19='MW_Article_TPL3';
/************* DO NOT ALTER ANYTHING BELOW THIS LINE ! **************/
var s_code=s.t();if(s_code)document.write(s_code)
-->

<!--
if(navigator.appVersion.indexOf("MSIE")>=0)document.write(unescape("%3C")+"\!-"+"-")
//-->/DO NOT REMOVE/
 End SiteCatalyst code version: H.1. 

  var gaJsHost = (("https:" == document.location.protocol) ? "https://ssl." : "http://www.");
  document.write(unescape("%3Cscript src='" + gaJsHost + "google-analytics.com/ga.js' type='text/javascript'%3E%3C/script%3E"));


  try {
    var pageTracker = _gat._getTracker("UA-26919099-1");
    pageTracker._setVar('Template-ap-MW_Template_TPL3');
    pageTracker._setCustomVar(1, 'Template', 'Template-ap-MW_Template_TPL3', 3);
    pageTracker._trackPageview();
  } catch(err) {}

 Quantcast Tag 

var _qevents = _qevents || [];

(function() {
var elem = document.createElement('script');
elem.src = (document.location.protocol == "https:" ? "https://secure" :
"http://edge") + ".quantserve.com/quant.js";
elem.async = true;
elem.type = "text/javascript";
var scpt = document.getElementsByTagName('script')[0];
scpt.parentNode.insertBefore(elem, scpt);
})();

_qevents.push({
qacct:"p-e16aPraesolw6",
labels:"The Wall Street Journal Digital Network.Market Watch"
});






 End Quantcast tag 
 Layout ends 
                      //<![CDATA[
                      document.write("<iframe onload=\"params='"+window.tracSessParams+"&pgtp=article&ci=32932699&kwInURL=true&pi=88&cat=business+%26+industrial&pe_id=32932699&tv=ap-MW_Template_TPL3&MW_nav_type=full&rna=-&rn=m&rnrci=&rnrcn=&rncci=&rnccn=&rnpci=&rnpcn=&rntci=&rntcn=&rnlci=&rnlcn=&rnp=c&rt=cpc&pageLoad=1';tracker();params='';\" frameborder=\"0\" width=\"0\" height=\"0\" marginwidth=\"0\" marginheight=\"0\" scrolling=\"no\" style=\"position:absolute;display:none;overflow-x:hidden;overflow-y:scroll;\"></iframe>");
                      //]]>
                     END txt
